[15:07:22] [main/INFO]: Using standard Java JCE cipher.
[15:07:22] [main/INFO]: Using standard Java compressor.
[15:07:22] [main/INFO]: Enabled Waterfall version git:Waterfall-Bootstrap:1.19-R0.1-SNAPSHOT:f6069e2:513
[15:07:22] [main/INFO]: Discovered module: ModuleSpec(name=cmd_alert, file=modules\cmd_alert.jar, provider=JenkinsModuleSource())
[15:07:22] [main/INFO]: Discovered module: ModuleSpec(name=cmd_find, file=modules\cmd_find.jar, provider=JenkinsModuleSource())
[15:07:22] [main/INFO]: Discovered module: ModuleSpec(name=cmd_list, file=modules\cmd_list.jar, provider=JenkinsModuleSource())
[15:07:22] [main/INFO]: Discovered module: ModuleSpec(name=cmd_send, file=modules\cmd_send.jar, provider=JenkinsModuleSource())
[15:07:22] [main/INFO]: Discovered module: ModuleSpec(name=cmd_server, file=modules\cmd_server.jar, provider=JenkinsModuleSource())
[15:07:22] [main/INFO]: Discovered module: ModuleSpec(name=reconnect_yaml, file=modules\reconnect_yaml.jar, provider=JenkinsModuleSource())
[15:07:22] [main/INFO]: Loaded plugin reconnect_yaml version git:reconnect_yaml:1.19-R0.1-SNAPSHOT:f6069e2:513 by WaterfallMC
[15:07:22] [main/INFO]: Loaded plugin cmd_find version git:cmd_find:1.19-R0.1-SNAPSHOT:f6069e2:513 by WaterfallMC
[15:07:22] [main/INFO]: Loaded plugin cmd_server version git:cmd_server:1.19-R0.1-SNAPSHOT:f6069e2:513 by WaterfallMC
[15:07:22] [main/INFO]: Loaded plugin cmd_alert version git:cmd_alert:1.19-R0.1-SNAPSHOT:f6069e2:513 by WaterfallMC
[15:07:22] [main/INFO]: Loaded plugin cmd_send version git:cmd_send:1.19-R0.1-SNAPSHOT:f6069e2:513 by WaterfallMC
[15:07:22] [main/INFO]: Loaded plugin cmd_list version git:cmd_list:1.19-R0.1-SNAPSHOT:f6069e2:513 by WaterfallMC
[15:07:22] [main/INFO]: Loaded plugin EaglercraftXBungee version 1.0.6 by lax1dude
[15:07:22] [main/INFO]: Enabled plugin reconnect_yaml version git:reconnect_yaml:1.19-R0.1-SNAPSHOT:f6069e2:513 by WaterfallMC
[15:07:22] [main/INFO]: Enabled plugin cmd_find version git:cmd_find:1.19-R0.1-SNAPSHOT:f6069e2:513 by WaterfallMC
[15:07:22] [main/INFO]: Enabled plugin cmd_server version git:cmd_server:1.19-R0.1-SNAPSHOT:f6069e2:513 by WaterfallMC
[15:07:22] [main/INFO]: Enabled plugin cmd_alert version git:cmd_alert:1.19-R0.1-SNAPSHOT:f6069e2:513 by WaterfallMC
[15:07:22] [main/INFO]: Enabled plugin cmd_send version git:cmd_send:1.19-R0.1-SNAPSHOT:f6069e2:513 by WaterfallMC
[15:07:22] [main/INFO]: Enabled plugin cmd_list version git:cmd_list:1.19-R0.1-SNAPSHOT:f6069e2:513 by WaterfallMC
[15:07:22] [main/ERROR] [EaglercraftXBungee]: Online mode is set to false! Authentication system has been disabled
[15:07:23] [Netty Worker IO Thread #0/ERROR] [EaglercraftXBungee]: Eaglercraft could not bind port: /127.0.0.1:8081
[15:07:23] [Netty Worker IO Thread #0/ERROR] [EaglercraftXBungee]: Reason: java.net.BindException: Address already in use: bind
[15:07:23] [main/INFO] [EaglercraftXBungee]: Connected to database: jdbc:sqlite:eaglercraft_skins_cache.db
[15:07:23] [main/INFO]: Enabled plugin EaglercraftXBungee version 1.0.6 by lax1dude
[15:07:23] [Netty Boss IO Thread #0/WARN]: Could not bind to host /127.0.0.1:25569
java.net.BindException: Address already in use: bind
	at sun.nio.ch.Net.bind0(Native Method) ~[?:1.8.0_302]
	at sun.nio.ch.Net.bind(Net.java:461) ~[?:1.8.0_302]
	at sun.nio.ch.Net.bind(Net.java:453) ~[?:1.8.0_302]
	at sun.nio.ch.ServerSocketChannelImpl.bind(ServerSocketChannelImpl.java:222) ~[?:1.8.0_302]
	at io.netty.channel.socket.nio.NioServerSocketChannel.doBind(NioServerSocketChannel.java:141) ~[bungee.jar:git:Waterfall-Bootstrap:1.19-R0.1-SNAPSHOT:f6069e2:513]
	at io.netty.channel.AbstractChannel$AbstractUnsafe.bind(AbstractChannel.java:562) ~[bungee.jar:git:Waterfall-Bootstrap:1.19-R0.1-SNAPSHOT:f6069e2:513]
	at io.netty.channel.DefaultChannelPipeline$HeadContext.bind(DefaultChannelPipeline.java:1334) ~[bungee.jar:git:Waterfall-Bootstrap:1.19-R0.1-SNAPSHOT:f6069e2:513]
	at io.netty.channel.AbstractChannelHandlerContext.invokeBind(AbstractChannelHandlerContext.java:600) ~[bungee.jar:git:Waterfall-Bootstrap:1.19-R0.1-SNAPSHOT:f6069e2:513]
	at io.netty.channel.AbstractChannelHandlerContext.bind(AbstractChannelHandlerContext.java:579) ~[bungee.jar:git:Waterfall-Bootstrap:1.19-R0.1-SNAPSHOT:f6069e2:513]
	at io.netty.channel.DefaultChannelPipeline.bind(DefaultChannelPipeline.java:973) ~[bungee.jar:git:Waterfall-Bootstrap:1.19-R0.1-SNAPSHOT:f6069e2:513]
	at io.netty.channel.AbstractChannel.bind(AbstractChannel.java:260) ~[bungee.jar:git:Waterfall-Bootstrap:1.19-R0.1-SNAPSHOT:f6069e2:513]
	at io.netty.bootstrap.AbstractBootstrap$2.run(AbstractBootstrap.java:356) ~[bungee.jar:git:Waterfall-Bootstrap:1.19-R0.1-SNAPSHOT:f6069e2:513]
	at io.netty.util.concurrent.AbstractEventExecutor.runTask(AbstractEventExecutor.java:174) ~[bungee.jar:git:Waterfall-Bootstrap:1.19-R0.1-SNAPSHOT:f6069e2:513]
	at io.netty.util.concurrent.AbstractEventExecutor.safeExecute(AbstractEventExecutor.java:167) ~[bungee.jar:git:Waterfall-Bootstrap:1.19-R0.1-SNAPSHOT:f6069e2:513]
	at io.netty.util.concurrent.SingleThreadEventExecutor.runAllTasks(SingleThreadEventExecutor.java:470) ~[bungee.jar:git:Waterfall-Bootstrap:1.19-R0.1-SNAPSHOT:f6069e2:513]
	at io.netty.channel.nio.NioEventLoop.run(NioEventLoop.java:569) ~[bungee.jar:git:Waterfall-Bootstrap:1.19-R0.1-SNAPSHOT:f6069e2:513]
	at io.netty.util.concurrent.SingleThreadEventExecutor$4.run(SingleThreadEventExecutor.java:997) ~[bungee.jar:git:Waterfall-Bootstrap:1.19-R0.1-SNAPSHOT:f6069e2:513]
	at io.netty.util.internal.ThreadExecutorMap$2.run(ThreadExecutorMap.java:74) ~[bungee.jar:git:Waterfall-Bootstrap:1.19-R0.1-SNAPSHOT:f6069e2:513]
	at java.lang.Thread.run(Thread.java:748) ~[?:1.8.0_302]
